<?xml version="1.0" encoding="UTF-8"?>
<!-- Generated by org.testng.reporters.JUnitReportReporter -->
<testsuite hostname="DESKTOP-TBD0K2A" failures="0" tests="7" name="atSpicejetProjectnew.ATSpicejetProjectnew" time="36.386" errors="0" timestamp="2023-11-08T10:35:32 IST" skipped="0">
  <testcase classname="atSpicejetProjectnew.ATSpicejetProjectnew" name="launchapplication" time="4.327"/>
  <testcase classname="atSpicejetProjectnew.ATSpicejetProjectnew" name="testSignUpPage" time="3.037"/>
  <testcase classname="atSpicejetProjectnew.ATSpicejetProjectnew" name="searchforflight" time="7.987"/>
  <testcase classname="atSpicejetProjectnew.ATSpicejetProjectnew" name="proceedtobookingpage" time="3.170"/>
  <testcase classname="atSpicejetProjectnew.ATSpicejetProjectnew" name="filloutbookingform" time="5.911"/>
  <testcase classname="atSpicejetProjectnew.ATSpicejetProjectnew" name="addsonpage" time="11.651"/>
  <testcase classname="atSpicejetProjectnew.ATSpicejetProjectnew" name="paymentinformation" time="0.303"/>
</testsuite> <!-- atSpicejetProjectnew.ATSpicejetProjectnew -->
